<!DOCTYPE html PUBLIC "-//W3C//DTD XHTML 1.1//EN" "https://www.w3.org/TR/xhtml11/DTD/xhtml11.dtd">
<html xmlns="https://www.w3.org/1999/xhtml">
<head>
<meta http-equiv="content-type" content="text/html; charset=UTF-8"/>
<title>TestNG Report</title>
<style type="text/css">table {margin-bottom:10px;border-collapse:collapse;empty-cells:show}th,td {border:1px solid #009;padding:.25em .5em}th {vertical-align:bottom}td {vertical-align:top}table a {font-weight:bold}.stripe td {background-color: #E6EBF9}.num {text-align:right}.passedodd td {background-color: #3F3}.passedeven td {background-color: #0A0}.skippedodd td {background-color: #DDD}.skippedeven td {background-color: #CCC}.failedodd td,.attn {background-color: #F33}.failedeven td,.stripe .attn {background-color: #D00}.stacktrace {white-space:pre;font-family:monospace}.totop {font-size:85%;text-align:center;border-bottom:2px solid #000}.invisible {display:none}</style>
</head>
<body>
<table>
<tr><th>Test</th><th># Passed</th><th># Skipped</th><th># Retried</th><th># Failed</th><th>Time (ms)</th><th>Included Groups</th><th>Excluded Groups</th></tr>
<tr><th colspan="8">ECommerce Suite</th></tr>
<tr><td><a href="#t0">ECommerce Tests</a></td><td class="num">10</td><td class="num">0</td><td class="num">0</td><td class="num attn">2</td><td class="num">26,888</td><td></td><td></td></tr>
</table>
<table id='summary'><thead><tr><th>Class</th><th>Method</th><th>Start</th><th>Time (ms)</th></tr></thead><tbody><tr><th colspan="4">ECommerce Suite</th></tr></tbody><tbody id="t0"><tr><th colspan="4">ECommerce Tests &#8212; failed</th></tr><tr class="failedeven"><td rowspan="1">com.mycompany.app.tests.AddToCartTest</td><td><a href="#m0">testAddToCart</a></td><td rowspan="1">1762795313404</td><td rowspan="1">3485</td></tr><tr class="failedodd"><td rowspan="1">com.mycompany.app.tests.RegistrationTest</td><td><a href="#m1">testRegistration</a></td><td rowspan="1">1762795320083</td><td rowspan="1">2195</td></tr><tr><th colspan="4">ECommerce Tests &#8212; passed</th></tr><tr class="passedeven"><td rowspan="8">com.mycompany.app.tests.ApiTest</td><td><a href="#m2">testApiEndpoints</a></td><td rowspan="8">1762795327496</td><td rowspan="8">349</td></tr><tr class="passedeven"><td><a href="#m3">testApiEndpoints</a></td></tr><tr class="passedeven"><td><a href="#m4">testApiEndpoints</a></td></tr><tr class="passedeven"><td><a href="#m5">testApiEndpoints</a></td></tr><tr class="passedeven"><td><a href="#m6">testApiEndpoints</a></td></tr><tr class="passedeven"><td><a href="#m7">testApiEndpoints</a></td></tr><tr class="passedeven"><td><a href="#m8">testApiEndpoints</a></td></tr><tr class="passedeven"><td><a href="#m9">testApiEndpoints</a></td></tr><tr class="passedodd"><td rowspan="2">com.mycompany.app.tests.LoginTest</td><td><a href="#m10">testInvalidLogin</a></td><td rowspan="1">1762795306646</td><td rowspan="1">3007</td></tr><tr class="passedodd"><td><a href="#m11">testValidLogin</a></td><td rowspan="1">1762795310129</td><td rowspan="1">1221</td></tr></tbody>
</table>
<h2>ECommerce Tests</h2><h3 id="m0">com.mycompany.app.tests.AddToCartTest#testAddToCart</h3><table class="result"><tr><th>Exception</th></tr><tr><td><div class="stacktrace">java.lang.AssertionError: Cart should contain at least one item expected [true] but found [false]
	at com.mycompany.app.tests.AddToCartTest.testAddToCart(AddToCartTest.java:21)
	at java.base/java.util.ArrayList.forEach(ArrayList.java:1511)
... Removed 32 stack frames</div></td></tr></table><p class="totop"><a href="#summary">back to summary</a></p>
<h3 id="m1">com.mycompany.app.tests.RegistrationTest#testRegistration</h3><table class="result"><tr><th>Exception</th></tr><tr><td><div class="stacktrace">org.openqa.selenium.NoSuchElementException: no such element: Unable to locate element: {&quot;method&quot;:&quot;css selector&quot;,&quot;selector&quot;:&quot;#email&quot;}
  (Session info: chrome=141.0.7390.108)
For documentation on this error, please visit: https://www.selenium.dev/documentation/webdriver/troubleshooting/errors#no-such-element-exception
Build info: version: &apos;4.21.0&apos;, revision: &apos;79ed462ef4&apos;
System info: os.name: &apos;Windows 11&apos;, os.arch: &apos;amd64&apos;, os.version: &apos;10.0&apos;, java.version: &apos;20.0.2&apos;
Driver info: org.openqa.selenium.chrome.ChromeDriver
Command: [e51d839552abae963e38b7c32f7b2f34, findElement {using=id, value=email}]
Capabilities {acceptInsecureCerts: false, browserName: chrome, browserVersion: 141.0.7390.108, chrome: {chromedriverVersion: 141.0.7390.122 (b477534e7e1..., userDataDir: C:\Users\lepoi\AppData\Loca...}, fedcm:accounts: true, goog:chromeOptions: {debuggerAddress: localhost:65335}, networkConnectionEnabled: false, pageLoadStrategy: normal, platformName: windows, proxy: Proxy(), se:cdp: ws://localhost:65335/devtoo..., se:cdpVersion: 141.0.7390.108, setWindowRect: true, strictFileInteractability: false, timeouts: {implicit: 0, pageLoad: 300000, script: 30000}, unhandledPromptBehavior: dismiss and notify, webauthn:extension:credBlob: true, webauthn:extension:largeBlob: true, webauthn:extension:minPinLength: true, webauthn:extension:prf: true, webauthn:virtualAuthenticators: true}
Session ID: e51d839552abae963e38b7c32f7b2f34
	at org.openqa.selenium.remote.ErrorCodec.decode(ErrorCodec.java:167)
	at org.openqa.selenium.remote.codec.w3c.W3CHttpResponseCodec.decode(W3CHttpResponseCodec.java:138)
	at org.openqa.selenium.remote.codec.w3c.W3CHttpResponseCodec.decode(W3CHttpResponseCodec.java:50)
	at org.openqa.selenium.remote.HttpCommandExecutor.execute(HttpCommandExecutor.java:190)
	at org.openqa.selenium.remote.service.DriverCommandExecutor.invokeExecute(DriverCommandExecutor.java:216)
	at org.openqa.selenium.remote.service.DriverCommandExecutor.execute(DriverCommandExecutor.java:174)
	at org.openqa.selenium.remote.RemoteWebDriver.execute(RemoteWebDriver.java:518)
	at org.openqa.selenium.remote.ElementLocation$ElementFinder$2.findElement(ElementLocation.java:165)
	at org.openqa.selenium.remote.ElementLocation.findElement(ElementLocation.java:66)
	at org.openqa.selenium.remote.RemoteWebDriver.findElement(RemoteWebDriver.java:355)
	at org.openqa.selenium.remote.RemoteWebDriver.findElement(RemoteWebDriver.java:349)
	at com.mycompany.app.pages.RegistrationPage.register(RegistrationPage.java:22)
	at com.mycompany.app.tests.RegistrationTest.testRegistration(RegistrationTest.java:13)
	at java.base/java.util.ArrayList.forEach(ArrayList.java:1511)
... Removed 32 stack frames</div></td></tr></table><p class="totop"><a href="#summary">back to summary</a></p>
<h3 id="m2">com.mycompany.app.tests.ApiTest#testApiEndpoints</h3><table class="result"><tr class="param"><th>Parameter #1</th></tr><tr class="param stripe"><td>{description=Patch title of post, endpoint=/posts/1, expectedStatus=200, method=PATCH, body={&quot;title&quot;:&quot;foo&quot;}}</td></tr></table><p class="totop"><a href="#summary">back to summary</a></p>
<h3 id="m3">com.mycompany.app.tests.ApiTest#testApiEndpoints</h3><table class="result"><tr class="param"><th>Parameter #1</th></tr><tr class="param stripe"><td>{description=List nested comments, endpoint=/posts/1/comments, expectedStatus=200, method=GET, body=}</td></tr></table><p class="totop"><a href="#summary">back to summary</a></p>
<h3 id="m4">com.mycompany.app.tests.ApiTest#testApiEndpoints</h3><table class="result"><tr class="param"><th>Parameter #1</th></tr><tr class="param stripe"><td>{description=Get single post, endpoint=/posts/1, expectedStatus=200, method=GET, body=}</td></tr></table><p class="totop"><a href="#summary">back to summary</a></p>
<h3 id="m5">com.mycompany.app.tests.ApiTest#testApiEndpoints</h3><table class="result"><tr class="param"><th>Parameter #1</th></tr><tr class="param stripe"><td>{description=Get all posts, endpoint=/posts, expectedStatus=200, method=GET, body=}</td></tr></table><p class="totop"><a href="#summary">back to summary</a></p>
<h3 id="m6">com.mycompany.app.tests.ApiTest#testApiEndpoints</h3><table class="result"><tr class="param"><th>Parameter #1</th></tr><tr class="param stripe"><td>{description=Create a new post, endpoint=/posts, expectedStatus=201, method=POST, body={&quot;title&quot;:&quot;foo&quot;,&quot;body&quot;:&quot;bar&quot;,&quot;userId&quot;:1}}</td></tr></table><p class="totop"><a href="#summary">back to summary</a></p>
<h3 id="m7">com.mycompany.app.tests.ApiTest#testApiEndpoints</h3><table class="result"><tr class="param"><th>Parameter #1</th></tr><tr class="param stripe"><td>{description=Update post, endpoint=/posts/1, expectedStatus=200, method=PUT, body={&quot;id&quot;:1,&quot;title&quot;:&quot;foo&quot;,&quot;body&quot;:&quot;bar&quot;,&quot;userId&quot;:1}}</td></tr></table><p class="totop"><a href="#summary">back to summary</a></p>
<h3 id="m8">com.mycompany.app.tests.ApiTest#testApiEndpoints</h3><table class="result"><tr class="param"><th>Parameter #1</th></tr><tr class="param stripe"><td>{description=Delete post, endpoint=/posts/1, expectedStatus=200, method=DELETE, body=}</td></tr></table><p class="totop"><a href="#summary">back to summary</a></p>
<h3 id="m9">com.mycompany.app.tests.ApiTest#testApiEndpoints</h3><table class="result"><tr class="param"><th>Parameter #1</th></tr><tr class="param stripe"><td>{description=Filter posts by user, endpoint=/posts?userId=1, expectedStatus=200, method=GET, body=}</td></tr></table><p class="totop"><a href="#summary">back to summary</a></p>
<h3 id="m10">com.mycompany.app.tests.LoginTest#testInvalidLogin</h3><table class="result"><tr class="param"><th>Parameter #1</th></tr><tr class="param stripe"><td>{password=wrong_pass, username=test_invalid_user}</td></tr></table><p class="totop"><a href="#summary">back to summary</a></p>
<h3 id="m11">com.mycompany.app.tests.LoginTest#testValidLogin</h3><table class="result"><tr class="param"><th>Parameter #1</th></tr><tr class="param stripe"><td>{password=secret_sauce, username=standard_user}</td></tr></table><p class="totop"><a href="#summary">back to summary</a></p>
</body>
</html>
