<?xml version="1.0" encoding="UTF-8"?>
<testng-results ignored="0" total="12" passed="10" failed="2" skipped="0">
  <reporter-output>
  </reporter-output>
  <suite started-at="2025-11-11T00:21:42 WIB" name="ECommerce Suite" finished-at="2025-11-11T00:22:09 WIB" duration-ms="26888">
    <groups>
    </groups>
    <test started-at="2025-11-11T00:21:42 WIB" name="ECommerce Tests" finished-at="2025-11-11T00:22:09 WIB" duration-ms="26888">
      <class name="com.mycompany.app.tests.RegistrationTest">
        <test-method is-config="true" signature="setUp()[pri:0, instance:com.mycompany.app.tests.RegistrationTest@480d3575]" started-at="2025-11-11T00:21:57 WIB" name="setUp" finished-at="2025-11-11T00:22:00 WIB" duration-ms="2538" status="PASS">
          <reporter-output>
          </reporter-output>
        </test-method> <!-- setUp -->
        <test-method signature="testRegistration()[pri:0, instance:com.mycompany.app.tests.RegistrationTest@480d3575]" started-at="2025-11-11T00:22:00 WIB" name="testRegistration" description="Site has no register" finished-at="2025-11-11T00:22:02 WIB" duration-ms="2195" status="FAIL">
          <exception class="org.openqa.selenium.NoSuchElementException">
            <message>
              <![CDATA[no such element: Unable to locate element: {"method":"css selector","selector":"#email"}
  (Session info: chrome=141.0.7390.108)
For documentation on this error, please visit: https://www.selenium.dev/documentation/webdriver/troubleshooting/errors#no-such-element-exception
Build info: version: '4.21.0', revision: '79ed462ef4'
System info: os.name: 'Windows 11', os.arch: 'amd64', os.version: '10.0', java.version: '20.0.2'
Driver info: org.openqa.selenium.chrome.ChromeDriver
Command: [e51d839552abae963e38b7c32f7b2f34, findElement {using=id, value=email}]
Capabilities {acceptInsecureCerts: false, browserName: chrome, browserVersion: 141.0.7390.108, chrome: {chromedriverVersion: 141.0.7390.122 (b477534e7e1..., userDataDir: C:\Users\lepoi\AppData\Loca...}, fedcm:accounts: true, goog:chromeOptions: {debuggerAddress: localhost:65335}, networkConnectionEnabled: false, pageLoadStrategy: normal, platformName: windows, proxy: Proxy(), se:cdp: ws://localhost:65335/devtoo..., se:cdpVersion: 141.0.7390.108, setWindowRect: true, strictFileInteractability: false, timeouts: {implicit: 0, pageLoad: 300000, script: 30000}, unhandledPromptBehavior: dismiss and notify, webauthn:extension:credBlob: true, webauthn:extension:largeBlob: true, webauthn:extension:minPinLength: true, webauthn:extension:prf: true, webauthn:virtualAuthenticators: true}
Session ID: e51d839552abae963e38b7c32f7b2f34]]>
            </message>
            <full-stacktrace>
              <![CDATA[org.openqa.selenium.NoSuchElementException: no such element: Unable to locate element: {"method":"css selector","selector":"#email"}
  (Session info: chrome=141.0.7390.108)
For documentation on this error, please visit: https://www.selenium.dev/documentation/webdriver/troubleshooting/errors#no-such-element-exception
Build info: version: '4.21.0', revision: '79ed462ef4'
System info: os.name: 'Windows 11', os.arch: 'amd64', os.version: '10.0', java.version: '20.0.2'
Driver info: org.openqa.selenium.chrome.ChromeDriver
Command: [e51d839552abae963e38b7c32f7b2f34, findElement {using=id, value=email}]
Capabilities {acceptInsecureCerts: false, browserName: chrome, browserVersion: 141.0.7390.108, chrome: {chromedriverVersion: 141.0.7390.122 (b477534e7e1..., userDataDir: C:\Users\lepoi\AppData\Loca...}, fedcm:accounts: true, goog:chromeOptions: {debuggerAddress: localhost:65335}, networkConnectionEnabled: false, pageLoadStrategy: normal, platformName: windows, proxy: Proxy(), se:cdp: ws://localhost:65335/devtoo..., se:cdpVersion: 141.0.7390.108, setWindowRect: true, strictFileInteractability: false, timeouts: {implicit: 0, pageLoad: 300000, script: 30000}, unhandledPromptBehavior: dismiss and notify, webauthn:extension:credBlob: true, webauthn:extension:largeBlob: true, webauthn:extension:minPinLength: true, webauthn:extension:prf: true, webauthn:virtualAuthenticators: true}
Session ID: e51d839552abae963e38b7c32f7b2f34
at java.base/jdk.internal.reflect.DirectConstructorHandleAccessor.newInstance(DirectConstructorHandleAccessor.java:67)
at java.base/java.lang.reflect.Constructor.newInstanceWithCaller(Constructor.java:500)
at java.base/java.lang.reflect.Constructor.newInstance(Constructor.java:484)
at org.openqa.selenium.remote.ErrorCodec.decode(ErrorCodec.java:167)
at org.openqa.selenium.remote.codec.w3c.W3CHttpResponseCodec.decode(W3CHttpResponseCodec.java:138)
at org.openqa.selenium.remote.codec.w3c.W3CHttpResponseCodec.decode(W3CHttpResponseCodec.java:50)
at org.openqa.selenium.remote.HttpCommandExecutor.execute(HttpCommandExecutor.java:190)
at org.openqa.selenium.remote.service.DriverCommandExecutor.invokeExecute(DriverCommandExecutor.java:216)
at org.openqa.selenium.remote.service.DriverCommandExecutor.execute(DriverCommandExecutor.java:174)
at org.openqa.selenium.remote.RemoteWebDriver.execute(RemoteWebDriver.java:518)
at org.openqa.selenium.remote.ElementLocation$ElementFinder$2.findElement(ElementLocation.java:165)
at org.openqa.selenium.remote.ElementLocation.findElement(ElementLocation.java:66)
at org.openqa.selenium.remote.RemoteWebDriver.findElement(RemoteWebDriver.java:355)
at org.openqa.selenium.remote.RemoteWebDriver.findElement(RemoteWebDriver.java:349)
at com.mycompany.app.pages.RegistrationPage.register(RegistrationPage.java:22)
at com.mycompany.app.tests.RegistrationTest.testRegistration(RegistrationTest.java:13)
at java.base/jdk.internal.reflect.DirectMethodHandleAccessor.invoke(DirectMethodHandleAccessor.java:104)
at java.base/java.lang.reflect.Method.invoke(Method.java:578)
at org.testng.internal.invokers.MethodInvocationHelper.invokeMethod(MethodInvocationHelper.java:141)
at org.testng.internal.invokers.TestInvoker.invokeMethod(TestInvoker.java:686)
at org.testng.internal.invokers.TestInvoker.invokeTestMethod(TestInvoker.java:230)
at org.testng.internal.invokers.MethodRunner.runInSequence(MethodRunner.java:63)
at org.testng.internal.invokers.TestInvoker$MethodInvocationAgent.invoke(TestInvoker.java:992)
at org.testng.internal.invokers.TestInvoker.invokeTestMethods(TestInvoker.java:203)
at org.testng.internal.invokers.TestMethodWorker.invokeTestMethods(TestMethodWorker.java:154)
at org.testng.internal.invokers.TestMethodWorker.run(TestMethodWorker.java:134)
at java.base/java.util.ArrayList.forEach(ArrayList.java:1511)
at org.testng.TestRunner.privateRun(TestRunner.java:739)
at org.testng.TestRunner.run(TestRunner.java:614)
at org.testng.SuiteRunner.runTest(SuiteRunner.java:421)
at org.testng.SuiteRunner.runSequentially(SuiteRunner.java:413)
at org.testng.SuiteRunner.privateRun(SuiteRunner.java:373)
at org.testng.SuiteRunner.run(SuiteRunner.java:312)
at org.testng.SuiteRunnerWorker.runSuite(SuiteRunnerWorker.java:52)
at org.testng.SuiteRunnerWorker.run(SuiteRunnerWorker.java:95)
at org.testng.TestNG.runSuitesSequentially(TestNG.java:1274)
at org.testng.TestNG.runSuitesLocally(TestNG.java:1208)
at org.testng.TestNG.runSuites(TestNG.java:1112)
at org.testng.TestNG.run(TestNG.java:1079)
at org.apache.maven.surefire.testng.TestNGExecutor.run(TestNGExecutor.java:308)
at org.apache.maven.surefire.testng.TestNGXmlTestSuite.execute(TestNGXmlTestSuite.java:71)
at org.apache.maven.surefire.testng.TestNGProvider.invoke(TestNGProvider.java:113)
at org.apache.maven.surefire.booter.ForkedBooter.runSuitesInProcess(ForkedBooter.java:385)
at org.apache.maven.surefire.booter.ForkedBooter.execute(ForkedBooter.java:162)
at org.apache.maven.surefire.booter.ForkedBooter.run(ForkedBooter.java:507)
at org.apache.maven.surefire.booter.ForkedBooter.main(ForkedBooter.java:495)
]]>
            </full-stacktrace>
          </exception> <!-- org.openqa.selenium.NoSuchElementException -->
          <reporter-output>
          </reporter-output>
        </test-method> <!-- testRegistration -->
        <test-method is-config="true" signature="afterMethod(org.testng.ITestResult)[pri:0, instance:com.mycompany.app.tests.RegistrationTest@480d3575]" started-at="2025-11-11T00:22:02 WIB" name="afterMethod" finished-at="2025-11-11T00:22:02 WIB" duration-ms="383" status="PASS">
          <params>
            <param index="0">
              <value>
                <![CDATA[[TestResult name=testRegistration status=FAILURE method=RegistrationTest.testRegistration()[pri:0, instance:com.mycompany.app.tests.RegistrationTest@480d3575] output={null}]]]>
              </value>
            </param>
          </params>
          <reporter-output>
          </reporter-output>
        </test-method> <!-- afterMethod -->
        <test-method is-config="true" signature="tearDown()[pri:0, instance:com.mycompany.app.tests.RegistrationTest@480d3575]" started-at="2025-11-11T00:22:02 WIB" name="tearDown" finished-at="2025-11-11T00:22:02 WIB" duration-ms="278" status="PASS">
          <reporter-output>
          </reporter-output>
        </test-method> <!-- tearDown -->
      </class> <!-- com.mycompany.app.tests.RegistrationTest -->
      <class name="com.mycompany.app.tests.AddToCartTest">
        <test-method is-config="true" signature="setUp()[pri:0, instance:com.mycompany.app.tests.AddToCartTest@1807e3f6]" started-at="2025-11-11T00:21:51 WIB" name="setUp" finished-at="2025-11-11T00:21:53 WIB" duration-ms="1750" status="PASS">
          <reporter-output>
          </reporter-output>
        </test-method> <!-- setUp -->
        <test-method signature="testAddToCart()[pri:0, instance:com.mycompany.app.tests.AddToCartTest@1807e3f6]" started-at="2025-11-11T00:21:53 WIB" name="testAddToCart" description="Add first product to cart" finished-at="2025-11-11T00:21:56 WIB" duration-ms="3485" status="FAIL">
          <exception class="java.lang.AssertionError">
            <message>
              <![CDATA[Cart should contain at least one item expected [true] but found [false]]]>
            </message>
            <full-stacktrace>
              <![CDATA[java.lang.AssertionError: Cart should contain at least one item expected [true] but found [false]
at org.testng.Assert.fail(Assert.java:111)
at org.testng.Assert.failNotEquals(Assert.java:1578)
at org.testng.Assert.assertTrue(Assert.java:57)
at com.mycompany.app.tests.AddToCartTest.testAddToCart(AddToCartTest.java:21)
at java.base/jdk.internal.reflect.DirectMethodHandleAccessor.invoke(DirectMethodHandleAccessor.java:104)
at java.base/java.lang.reflect.Method.invoke(Method.java:578)
at org.testng.internal.invokers.MethodInvocationHelper.invokeMethod(MethodInvocationHelper.java:141)
at org.testng.internal.invokers.TestInvoker.invokeMethod(TestInvoker.java:686)
at org.testng.internal.invokers.TestInvoker.invokeTestMethod(TestInvoker.java:230)
at org.testng.internal.invokers.MethodRunner.runInSequence(MethodRunner.java:63)
at org.testng.internal.invokers.TestInvoker$MethodInvocationAgent.invoke(TestInvoker.java:992)
at org.testng.internal.invokers.TestInvoker.invokeTestMethods(TestInvoker.java:203)
at org.testng.internal.invokers.TestMethodWorker.invokeTestMethods(TestMethodWorker.java:154)
at org.testng.internal.invokers.TestMethodWorker.run(TestMethodWorker.java:134)
at java.base/java.util.ArrayList.forEach(ArrayList.java:1511)
at org.testng.TestRunner.privateRun(TestRunner.java:739)
at org.testng.TestRunner.run(TestRunner.java:614)
at org.testng.SuiteRunner.runTest(SuiteRunner.java:421)
at org.testng.SuiteRunner.runSequentially(SuiteRunner.java:413)
at org.testng.SuiteRunner.privateRun(SuiteRunner.java:373)
at org.testng.SuiteRunner.run(SuiteRunner.java:312)
at org.testng.SuiteRunnerWorker.runSuite(SuiteRunnerWorker.java:52)
at org.testng.SuiteRunnerWorker.run(SuiteRunnerWorker.java:95)
at org.testng.TestNG.runSuitesSequentially(TestNG.java:1274)
at org.testng.TestNG.runSuitesLocally(TestNG.java:1208)
at org.testng.TestNG.runSuites(TestNG.java:1112)
at org.testng.TestNG.run(TestNG.java:1079)
at org.apache.maven.surefire.testng.TestNGExecutor.run(TestNGExecutor.java:308)
at org.apache.maven.surefire.testng.TestNGXmlTestSuite.execute(TestNGXmlTestSuite.java:71)
at org.apache.maven.surefire.testng.TestNGProvider.invoke(TestNGProvider.java:113)
at org.apache.maven.surefire.booter.ForkedBooter.runSuitesInProcess(ForkedBooter.java:385)
at org.apache.maven.surefire.booter.ForkedBooter.execute(ForkedBooter.java:162)
at org.apache.maven.surefire.booter.ForkedBooter.run(ForkedBooter.java:507)
at org.apache.maven.surefire.booter.ForkedBooter.main(ForkedBooter.java:495)
]]>
            </full-stacktrace>
          </exception> <!-- java.lang.AssertionError -->
          <reporter-output>
          </reporter-output>
        </test-method> <!-- testAddToCart -->
        <test-method is-config="true" signature="afterMethod(org.testng.ITestResult)[pri:0, instance:com.mycompany.app.tests.AddToCartTest@1807e3f6]" started-at="2025-11-11T00:21:56 WIB" name="afterMethod" finished-at="2025-11-11T00:21:57 WIB" duration-ms="421" status="PASS">
          <params>
            <param index="0">
              <value>
                <![CDATA[[TestResult name=testAddToCart status=FAILURE method=AddToCartTest.testAddToCart()[pri:0, instance:com.mycompany.app.tests.AddToCartTest@1807e3f6] output={null}]]]>
              </value>
            </param>
          </params>
          <reporter-output>
          </reporter-output>
        </test-method> <!-- afterMethod -->
        <test-method is-config="true" signature="tearDown()[pri:0, instance:com.mycompany.app.tests.AddToCartTest@1807e3f6]" started-at="2025-11-11T00:21:57 WIB" name="tearDown" finished-at="2025-11-11T00:21:57 WIB" duration-ms="221" status="PASS">
          <reporter-output>
          </reporter-output>
        </test-method> <!-- tearDown -->
      </class> <!-- com.mycompany.app.tests.AddToCartTest -->
      <class name="com.mycompany.app.tests.ApiTest">
        <test-method signature="testApiEndpoints(java.util.Map)[pri:0, instance:com.mycompany.app.tests.ApiTest@f1da57d]" started-at="2025-11-11T00:22:03 WIB" name="testApiEndpoints" description="Automated API test for multiple endpoints" data-provider="apiData" finished-at="2025-11-11T00:22:06 WIB" duration-ms="2960" status="PASS">
          <params>
            <param index="0">
              <value>
                <![CDATA[{description=Get single post, endpoint=/posts/1, expectedStatus=200, method=GET, body=}]]>
              </value>
            </param>
          </params>
          <reporter-output>
          </reporter-output>
        </test-method> <!-- testApiEndpoints -->
        <test-method signature="testApiEndpoints(java.util.Map)[pri:0, instance:com.mycompany.app.tests.ApiTest@f1da57d]" started-at="2025-11-11T00:22:06 WIB" name="testApiEndpoints" description="Automated API test for multiple endpoints" data-provider="apiData" finished-at="2025-11-11T00:22:06 WIB" duration-ms="144" status="PASS">
          <params>
            <param index="0">
              <value>
                <![CDATA[{description=Get all posts, endpoint=/posts, expectedStatus=200, method=GET, body=}]]>
              </value>
            </param>
          </params>
          <reporter-output>
          </reporter-output>
        </test-method> <!-- testApiEndpoints -->
        <test-method signature="testApiEndpoints(java.util.Map)[pri:0, instance:com.mycompany.app.tests.ApiTest@f1da57d]" started-at="2025-11-11T00:22:06 WIB" name="testApiEndpoints" description="Automated API test for multiple endpoints" data-provider="apiData" finished-at="2025-11-11T00:22:06 WIB" duration-ms="362" status="PASS">
          <params>
            <param index="0">
              <value>
                <![CDATA[{description=Create a new post, endpoint=/posts, expectedStatus=201, method=POST, body={"title":"foo","body":"bar","userId":1}}]]>
              </value>
            </param>
          </params>
          <reporter-output>
          </reporter-output>
        </test-method> <!-- testApiEndpoints -->
        <test-method signature="testApiEndpoints(java.util.Map)[pri:0, instance:com.mycompany.app.tests.ApiTest@f1da57d]" started-at="2025-11-11T00:22:06 WIB" name="testApiEndpoints" description="Automated API test for multiple endpoints" data-provider="apiData" finished-at="2025-11-11T00:22:07 WIB" duration-ms="860" status="PASS">
          <params>
            <param index="0">
              <value>
                <![CDATA[{description=Update post, endpoint=/posts/1, expectedStatus=200, method=PUT, body={"id":1,"title":"foo","body":"bar","userId":1}}]]>
              </value>
            </param>
          </params>
          <reporter-output>
          </reporter-output>
        </test-method> <!-- testApiEndpoints -->
        <test-method signature="testApiEndpoints(java.util.Map)[pri:0, instance:com.mycompany.app.tests.ApiTest@f1da57d]" started-at="2025-11-11T00:22:07 WIB" name="testApiEndpoints" description="Automated API test for multiple endpoints" data-provider="apiData" finished-at="2025-11-11T00:22:07 WIB" duration-ms="349" status="PASS">
          <params>
            <param index="0">
              <value>
                <![CDATA[{description=Patch title of post, endpoint=/posts/1, expectedStatus=200, method=PATCH, body={"title":"foo"}}]]>
              </value>
            </param>
          </params>
          <reporter-output>
          </reporter-output>
        </test-method> <!-- testApiEndpoints -->
        <test-method signature="testApiEndpoints(java.util.Map)[pri:0, instance:com.mycompany.app.tests.ApiTest@f1da57d]" started-at="2025-11-11T00:22:07 WIB" name="testApiEndpoints" description="Automated API test for multiple endpoints" data-provider="apiData" finished-at="2025-11-11T00:22:08 WIB" duration-ms="365" status="PASS">
          <params>
            <param index="0">
              <value>
                <![CDATA[{description=Delete post, endpoint=/posts/1, expectedStatus=200, method=DELETE, body=}]]>
              </value>
            </param>
          </params>
          <reporter-output>
          </reporter-output>
        </test-method> <!-- testApiEndpoints -->
        <test-method signature="testApiEndpoints(java.util.Map)[pri:0, instance:com.mycompany.app.tests.ApiTest@f1da57d]" started-at="2025-11-11T00:22:08 WIB" name="testApiEndpoints" description="Automated API test for multiple endpoints" data-provider="apiData" finished-at="2025-11-11T00:22:09 WIB" duration-ms="836" status="PASS">
          <params>
            <param index="0">
              <value>
                <![CDATA[{description=Filter posts by user, endpoint=/posts?userId=1, expectedStatus=200, method=GET, body=}]]>
              </value>
            </param>
          </params>
          <reporter-output>
          </reporter-output>
        </test-method> <!-- testApiEndpoints -->
        <test-method signature="testApiEndpoints(java.util.Map)[pri:0, instance:com.mycompany.app.tests.ApiTest@f1da57d]" started-at="2025-11-11T00:22:09 WIB" name="testApiEndpoints" description="Automated API test for multiple endpoints" data-provider="apiData" finished-at="2025-11-11T00:22:09 WIB" duration-ms="155" status="PASS">
          <params>
            <param index="0">
              <value>
                <![CDATA[{description=List nested comments, endpoint=/posts/1/comments, expectedStatus=200, method=GET, body=}]]>
              </value>
            </param>
          </params>
          <reporter-output>
          </reporter-output>
        </test-method> <!-- testApiEndpoints -->
      </class> <!-- com.mycompany.app.tests.ApiTest -->
      <class name="com.mycompany.app.tests.LoginTest">
        <test-method is-config="true" signature="setUp()[pri:0, instance:com.mycompany.app.tests.LoginTest@15a34df2]" started-at="2025-11-11T00:21:42 WIB" name="setUp" finished-at="2025-11-11T00:21:45 WIB" duration-ms="2686" status="PASS">
          <reporter-output>
          </reporter-output>
        </test-method> <!-- setUp -->
        <test-method is-config="true" signature="invalidLoginData()[pri:0, instance:com.mycompany.app.tests.LoginTest@15a34df2]" started-at="2025-11-11T00:21:45 WIB" name="invalidLoginData" finished-at="2025-11-11T00:21:46 WIB" duration-ms="1301" status="PASS">
          <reporter-output>
          </reporter-output>
        </test-method> <!-- invalidLoginData -->
        <test-method is-config="true" signature="validLoginData()[pri:0, instance:com.mycompany.app.tests.LoginTest@15a34df2]" started-at="2025-11-11T00:21:46 WIB" name="validLoginData" finished-at="2025-11-11T00:21:46 WIB" duration-ms="144" status="PASS">
          <reporter-output>
          </reporter-output>
        </test-method> <!-- validLoginData -->
        <test-method signature="testInvalidLogin(java.util.Map)[pri:0, instance:com.mycompany.app.tests.LoginTest@15a34df2]" started-at="2025-11-11T00:21:46 WIB" name="testInvalidLogin" description="Invalid login shows error message" data-provider="invalidLoginData" finished-at="2025-11-11T00:21:49 WIB" duration-ms="3007" status="PASS">
          <params>
            <param index="0">
              <value>
                <![CDATA[{password=wrong_pass, username=test_invalid_user}]]>
              </value>
            </param>
          </params>
          <reporter-output>
          </reporter-output>
        </test-method> <!-- testInvalidLogin -->
        <test-method is-config="true" signature="afterMethod(org.testng.ITestResult)[pri:0, instance:com.mycompany.app.tests.LoginTest@15a34df2]" started-at="2025-11-11T00:21:49 WIB" name="afterMethod" finished-at="2025-11-11T00:21:49 WIB" duration-ms="11" status="PASS">
          <params>
            <param index="0">
              <value>
                <![CDATA[[TestResult name=testInvalidLogin status=SUCCESS method=LoginTest.testInvalidLogin(java.util.Map)[pri:0, instance:com.mycompany.app.tests.LoginTest@15a34df2] output={null}]]]>
              </value>
            </param>
          </params>
          <reporter-output>
          </reporter-output>
        </test-method> <!-- afterMethod -->
        <test-method signature="testValidLogin(java.util.Map)[pri:0, instance:com.mycompany.app.tests.LoginTest@15a34df2]" started-at="2025-11-11T00:21:50 WIB" name="testValidLogin" description="Valid login should redirect to inventory page" data-provider="validLoginData" finished-at="2025-11-11T00:21:51 WIB" duration-ms="1221" status="PASS">
          <params>
            <param index="0">
              <value>
                <![CDATA[{password=secret_sauce, username=standard_user}]]>
              </value>
            </param>
          </params>
          <reporter-output>
          </reporter-output>
        </test-method> <!-- testValidLogin -->
        <test-method is-config="true" signature="afterMethod(org.testng.ITestResult)[pri:0, instance:com.mycompany.app.tests.LoginTest@15a34df2]" started-at="2025-11-11T00:21:51 WIB" name="afterMethod" finished-at="2025-11-11T00:21:51 WIB" duration-ms="1" status="PASS">
          <params>
            <param index="0">
              <value>
                <![CDATA[[TestResult name=testValidLogin status=SUCCESS method=LoginTest.testValidLogin(java.util.Map)[pri:0, instance:com.mycompany.app.tests.LoginTest@15a34df2] output={null}]]]>
              </value>
            </param>
          </params>
          <reporter-output>
          </reporter-output>
        </test-method> <!-- afterMethod -->
        <test-method is-config="true" signature="tearDown()[pri:0, instance:com.mycompany.app.tests.LoginTest@15a34df2]" started-at="2025-11-11T00:21:51 WIB" name="tearDown" finished-at="2025-11-11T00:21:51 WIB" duration-ms="278" status="PASS">
          <reporter-output>
          </reporter-output>
        </test-method> <!-- tearDown -->
      </class> <!-- com.mycompany.app.tests.LoginTest -->
    </test> <!-- ECommerce Tests -->
  </suite> <!-- ECommerce Suite -->
</testng-results>
