<?xml version="1.0" encoding="UTF-8"?>
<!-- Generated by org.testng.reporters.JUnitReportReporter -->
<testsuite hostname="DESKTOP-QGB5353" failures="0" tests="2" name="com.mycompany.app.tests.LoginTest" time="7.381" errors="0" timestamp="2025-11-10T16:21:59 WIB" skipped="0">
  <testcase classname="com.mycompany.app.tests.LoginTest" name="testInvalidLogin" time="6.803"/>
  <testcase classname="com.mycompany.app.tests.LoginTest" name="testValidLogin" time="0.578"/>
</testsuite> <!-- com.mycompany.app.tests.LoginTest -->
