<?xml version="1.0" encoding="UTF-8"?>
<!-- Generated by org.testng.reporters.JUnitReportReporter -->
<testsuite hostname="DESKTOP-QGB5353" failures="0" tests="2" name="com.mycompany.app.tests.LoginTest" time="4.240" errors="0" timestamp="2025-11-11T00:22:09 WIB" skipped="0">
  <testcase classname="com.mycompany.app.tests.LoginTest" name="testInvalidLogin" time="3.018"/>
  <testcase classname="com.mycompany.app.tests.LoginTest" name="testValidLogin" time="1.222"/>
</testsuite> <!-- com.mycompany.app.tests.LoginTest -->
